paymentsheet/build/intermediates/manifest_merge_blame_file/debug/manifest-merger-blame-debug-report.txt
1<?xml version="1.0" encoding="utf-8"?>
2<manifest xmlns:android="http://schemas.android.com/apk/res/android"
3    package="com.stripe.android.paymentsheet" >
4
5    <uses-sdk
6        android:minSdkVersion="21"
6-->src\main\AndroidManifest.xml
7        android:targetSdkVersion="31" />
7-->src\main\AndroidManifest.xml
8
9    <application
9-->src\main\AndroidManifest.xml:5:5-18:19
10        android:networkSecurityConfig="@xml/network_security_config"
10-->src\main\AndroidManifest.xml:6:9-69
11        android:requestLegacyExternalStorage="true"
11-->src\main\AndroidManifest.xml:7:9-52
12        android:supportsRtl="true"
12-->src\main\AndroidManifest.xml:8:9-35
13        android:usesCleartextTraffic="true" >
13-->src\main\AndroidManifest.xml:9:9-44
14        <activity
14-->src\main\AndroidManifest.xml:10:9-13:40
15            android:name="com.stripe.android.paymentsheet.PaymentSheetActivity"
15-->src\main\AndroidManifest.xml:11:13-49
16            android:exported="false"
16-->src\main\AndroidManifest.xml:13:13-37
17            android:theme="@style/StripePaymentSheetDefaultTheme" />
17-->src\main\AndroidManifest.xml:12:13-66
18        <activity
18-->src\main\AndroidManifest.xml:14:9-17:40
19            android:name="com.stripe.android.paymentsheet.PaymentOptionsActivity"
19-->src\main\AndroidManifest.xml:15:13-51
20            android:exported="false"
20-->src\main\AndroidManifest.xml:17:13-37
21            android:theme="@style/StripePaymentSheetDefaultTheme" />
21-->src\main\AndroidManifest.xml:16:13-66
22    </application>
23
24</manifest>